<?xml version="1.0" encoding="utf-8" standalone="no"?>
<test-results xmlns:xsi="http://www.w3.org/2001/XMLSchema-instance" xsi:noNamespaceSchemaLocation="nunit_schema_2.5.xsd" name="Pester" total="1" errors="0" failures="0" not-run="0" inconclusive="0" ignored="0" skipped="0" invalid="0" date="2017-10-06" time="00:27:32">
  <environment user="SYSTEM" machine-name="DESKTOP-L61SF2C" cwd="E:\Tomek\Programowanie\Github\Boxstarter" user-domain="DESKTOP-L61SF2C" platform="Microsoft Windows 10 Enterprise|C:\WINDOWS|\Device\Harddisk0\Partition1" nunit-version="2.5.8.0" os-version="10.0.14393" clr-version="4.0.30319.42000" />
  <culture-info current-culture="en-US" current-uiculture="en-US" />
  <test-suite type="TestFixture" name="Pester" executed="True" result="Success" success="True" time="18.0235" asserts="0" description="Pester">
    <results>
      <test-suite type="TestFixture" name="E:\Tomek\Programowanie\Github\Boxstarter\bootstrap.tests.integration.ps1" executed="True" result="Success" success="True" time="18.0235" asserts="0" description="E:\Tomek\Programowanie\Github\Boxstarter\bootstrap.tests.integration.ps1">
        <results>
          <test-suite type="TestFixture" name="Bootstrap local installation script" executed="True" result="Success" success="True" time="18.0235" asserts="0" description="Bootstrap local installation script">
            <results>
              <test-case description="Can run InstallBox with empty config" name="Bootstrap local installation script.Can run InstallBox with empty config" time="18.0235" asserts="0" success="True" result="Success" executed="True" />
            </results>
          </test-suite>
        </results>
      </test-suite>
    </results>
  </test-suite>
</test-results>